<?xml version="1.0" encoding="UTF-8"?>
<!-- Generated by org.testng.reporters.JUnitReportReporter -->
<testsuite hostname="LAPTOP-LM3UBGU4" failures="0" tests="1" name="firstlivetest.secondtest" time="6.371" errors="0" timestamp="2025-08-25T12:34:09 IST" skipped="0">
  <testcase classname="firstlivetest.secondtest" name="test2" time="6.371"/>
</testsuite> <!-- firstlivetest.secondtest -->
