<?xml version="1.0" encoding="UTF-8"?>
<!-- Generated by org.testng.reporters.JUnitReportReporter -->
<testsuite hostname="LAPTOP-LM3UBGU4" failures="0" tests="1" name="firstlivetest.firsttest" time="8.444" errors="0" timestamp="2025-08-25T12:34:09 IST" skipped="0">
  <testcase classname="firstlivetest.firsttest" name="f1" time="8.444"/>
</testsuite> <!-- firstlivetest.firsttest -->
